<?xml version="1.0" encoding="utf-8" standalone="no"?>
<test-results xmlns:xsi="http://www.w3.org/2001/XMLSchema-instance" xsi:noNamespaceSchemaLocation="nunit_schema_2.5.xsd" name="Pester" total="2" errors="0" failures="0" not-run="0" inconclusive="0" ignored="0" skipped="0" invalid="0" date="2026-05-26" time="06:11:27">
  <environment cwd="/home/runner/work/PowerShell/PowerShell" machine-name="runnervmg397c" platform="Linux" nunit-version="2.5.8.0" os-version="6.17.0-1013-azure" user-domain="" user="runner" clr-version="8.0.26" />
  <culture-info current-culture="" current-uiculture="" />
  <test-suite type="TestFixture" name="Pester" executed="True" result="Success" success="True" time="0.3821" asserts="0" description="Pester">
    <results>
      <test-suite type="TestFixture" name="/home/runner/work/PowerShell/PowerShell/test/powershell/Installer/WindowsInstaller.Tests.ps1" executed="True" result="Success" success="True" time="0.3821" asserts="0" description="/home/runner/work/PowerShell/PowerShell/test/powershell/Installer/WindowsInstaller.Tests.ps1">
        <results>
          <test-suite type="TestFixture" name="Windows Installer" executed="True" result="Success" success="True" time="0.1008" asserts="0" description="Windows Installer">
            <results>
              <test-case description="WiX (Windows Installer XML) file contains pre-requisites link " name="Windows Installer.WiX (Windows Installer XML) file contains pre-requisites link " time="0.0639" asserts="0" success="True" result="Success" executed="True" />
              <test-case description="WiX file contains extended Explorer context menu launch options" name="Windows Installer.WiX file contains extended Explorer context menu launch options" time="0.0139" asserts="0" success="True" result="Success" executed="True" />
            </results>
          </test-suite>
        </results>
      </test-suite>
    </results>
  </test-suite>
</test-results>